[16512][1575958563096][main][info]["Booting Postman 7.3.4, linux-4.15.0-66-generic on x64"]
[16512][1575958563099][main][info]["EventBus~initialize - Success"]
[16512][1575958563113][main][info]["UpdateHandler~init - Success"]
[16512][1575958563127][main][info]["RuntimeExecutionService~initialized: Success"]
[16512][1575958563129][main][info]["LinuxAutoUpdater~Cleanup - Initial cleanup successful"]
[16512][1575958563168][main][info]["PluginHost~bootHost: Booted - 1"]
[16512][1575958566123][main][info]["Bootstrap-models~bootstrap - Success"]
[16512][1575958567905][main][info]["window-manager~newSharedWindow: Shell loaded"]
[16512][1575958574352][main][info]["Main~AppEvents - Received booted event for process shared"]
[16512][1575958576977][main][info]["UpdateHandler~app-update-events - Received event",{"name":"checkForElectronVersionUpdated","namespace":"appUpdate"}]
[16512][1575958576980][main][info]["Main~AppEvents - Received booted event for process requester"]
[16512][1575958587833][main][info]["UpdateHandler~app-update-events - Received event",{"data":{"additionalParamsString":"installationId=b78ad1ca-04e2-43fd-b0fe-f96cc23ffe45&userId=0&syncEnabled=false&teamPlan=","appId":"b78ad1ca-04e2-43fd-b0fe-f96cc23ffe45","arch":"64","channel":"stable","downloadURL":"https://dl.pstmn.io/download/version/7.13.0/linux_64","downloadVersion":"7.13.0","platform":"LINUX","updateServerDomain":"https://dl.pstmn.io/","userAgent":"Mozilla/5.0 (X11; Linux x86_64) AppleWebKit/537.36 (KHTML, like Gecko) Postman/7.3.4 Chrome/66.0.3359.181 Electron/3.1.8 Safari/537.36","userId":"0","version":"7.3.4"},"name":"updateElectron","namespace":"appUpdate"}]
[16512][1575958587834][main][info]["LinuxUpdater~downloadUpdate - UpdateInfo received",{"additionalParamsString":"installationId=b78ad1ca-04e2-43fd-b0fe-f96cc23ffe45&userId=0&syncEnabled=false&teamPlan=","appId":"b78ad1ca-04e2-43fd-b0fe-f96cc23ffe45","arch":"64","channel":"stable","downloadURL":"https://dl.pstmn.io/download/version/7.13.0/linux_64","downloadVersion":"7.13.0","platform":"LINUX","updateServerDomain":"https://dl.pstmn.io/","userAgent":"Mozilla/5.0 (X11; Linux x86_64) AppleWebKit/537.36 (KHTML, like Gecko) Postman/7.3.4 Chrome/66.0.3359.181 Electron/3.1.8 Safari/537.36","userId":"0","version":"7.3.4"}]
[16512][1575958618502][main][info]["@postman/app-updater: Update updateDownloaded","","Postman","","https://dl.pstmn.io/download/version/7.13.0/linux_64","7.13.0"]
[16512][1575958618503][main][info]["UpdateHandler~app-update-events - Received event",{"name":"electronAppUpdateDownloaded","namespace":"appUpdate","data":{"name":"Postman","notes":"","date":"","URL":"https://dl.pstmn.io/download/version/7.13.0/linux_64","downloadVersion":"7.13.0"}}]
[16512][1575959321835][main][info]["Main~AppEvents - Received booted event for process console"]
[16512][1575959393556][main][info]["WindowManager~closeHandler - Closed Window (id: 5 )"]
[16512][1575973989037][main][info]["WindowManager~closeHandler - Closed Window (id: 4 )"]
[16512][1575973989059][main][info]["Quitting app"]
[16512][1575973989064][main][info][null]
[16512][1575973989071][main][info]["Applying update and quit the app"]
[16512][1575973989072][main][info]["@postman/app-updater: quitting app to update"]
[16512][1575973989073][main][info]["LinuxAutoUpdater~quitAndInstall - Initiated"]
[16512][1575973989075][main][info]["LinuxAutoUpdater~quitAndInstall - Quitting for update"]
[5261][1576132656146][main][info]["Booting Postman 7.13.0, linux-4.15.0-66-generic on x64"]
[5261][1576132656149][main][info]["EventBus~initialize - Success"]
[5261][1576132656157][main][info]["UpdateHandler~init - Success"]
[5261][1576132656159][main][info]["RuntimeExecutionService~initialized: Success"]
[5261][1576132659181][main][info]["LinuxAutoUpdater~Cleanup - Initial cleanup successful"]
[5261][1576132659600][main][info]["Bootstrap-models~bootstrap - Success"]
[5261][1576132661110][main][info]["window-manager~newSharedWindow: Shell loaded"]
[5261][1576132663690][main][info]["Main~AppEvents - Received booted event for process shared"]
[5261][1576132665805][main][info]["UpdateHandler~app-update-events - Received event",{"name":"checkForElectronVersionUpdated","namespace":"appUpdate"}]
[5261][1576132665807][main][info]["@postman/app-updater: version Updated","7.3.4","7.13.0"]
[5261][1576132665807][main][info]["UpdateHandler~app-update-events - Received event",{"name":"electronVersionUpdated","namespace":"appUpdate","data":{"lastKnownVersion":"7.3.4","currentVersion":"7.13.0"}}]
[5261][1576132665819][main][info]["Main~AppEvents - Received booted event for process requester"]
[5261][1576149892578][main][info]["WindowManager~closeHandler - Closed Window (id: 3 )"]
[5261][1576149892603][main][info]["Quitting app"]
[17499][1576481571843][main][info]["Booting Postman 7.13.0, linux-4.15.0-66-generic on x64"]
[17499][1576481571846][main][info]["EventBus~initialize - Success"]
[17499][1576481571855][main][info]["UpdateHandler~init - Success"]
[17499][1576481571858][main][info]["RuntimeExecutionService~initialized: Success"]
[17499][1576481571860][main][info]["LinuxAutoUpdater~Cleanup - Initial cleanup successful"]
[17499][1576481574298][main][info]["Bootstrap-models~bootstrap - Success"]
[17499][1576481576176][main][info]["window-manager~newSharedWindow: Shell loaded"]
[17499][1576481583183][main][info]["Main~AppEvents - Received booted event for process shared"]
[17499][1576481585441][main][info]["UpdateHandler~app-update-events - Received event",{"name":"checkForElectronVersionUpdated","namespace":"appUpdate"}]
[17499][1576481585452][main][info]["Main~AppEvents - Received booted event for process requester"]
[17499][1576495274157][main][info]["WindowManager~closeHandler - Closed Window (id: 3 )"]
[17499][1576495274194][main][info]["Quitting app"]
