[16512][1575958567840][shell][info]["EventBus~initialize - Success"]
[16512][1575958567844][shell][info]["shellController~init: Success"]
[16512][1575958567844][shell][info]["shellMeta~init: Success"]
[16512][1575958567937][shell][info]["init~setViewAttributes - Initializing view with opts:",{"devtools":false,"id":2,"startTime":1575958564582,"type":"shared","partitionId":"default"}]
[16512][1575958567939][shell][info]["init~setViewAttributes - Success"]
[16512][1575958574725][shell][info]["EventBus~initialize - Success"]
[16512][1575958574734][shell][info]["shellController~init: Success"]
[16512][1575958574734][shell][info]["shellMeta~init: Success"]
[16512][1575958574753][shell][info]["init~setViewAttributes - Initializing view with opts:",{"allIds":[4],"devtools":false,"id":4,"primaryId":4,"startTime":1575958574385,"type":"requester","partitionId":"default"}]
[16512][1575958574755][shell][info]["init~setViewAttributes - Success"]
[16512][1575959319558][shell][info]["EventBus~initialize - Success"]
[16512][1575959319562][shell][info]["shellController~init: Success"]
[16512][1575959319562][shell][info]["shellMeta~init: Success"]
[16512][1575959319579][shell][info]["init~setViewAttributes - Initializing view with opts:",{"devtools":false,"id":5,"startTime":1575959319299,"type":"console","partitionId":"default"}]
[16512][1575959319580][shell][info]["init~setViewAttributes - Success"]
[5261][1576132660991][shell][info]["EventBus~initialize - Success"]
[5261][1576132661057][shell][info]["bootShellCrashReporter~ Success"]
[5261][1576132661060][shell][info]["shellController~init: Success"]
[5261][1576132661060][shell][info]["shellMeta~init: Success"]
[5261][1576132661118][shell][info]["init~setViewAttributes - Initializing view with opts:",{"devtools":false,"id":2,"startTime":1576132657060,"type":"shared","partitionId":"default"}]
[5261][1576132661120][shell][info]["init~setViewAttributes - Success"]
[5261][1576132664010][shell][info]["EventBus~initialize - Success"]
[5261][1576132664021][shell][info]["bootShellCrashReporter~ Success"]
[5261][1576132664026][shell][info]["shellController~init: Success"]
[5261][1576132664027][shell][info]["shellMeta~init: Success"]
[5261][1576132664040][shell][info]["init~setViewAttributes - Initializing view with opts:",{"allIds":[3],"devtools":false,"id":3,"primaryId":3,"startTime":1576132663720,"type":"requester","partitionId":"default"}]
[5261][1576132664042][shell][info]["init~setViewAttributes - Success"]
[17499][1576481576063][shell][info]["EventBus~initialize - Success"]
[17499][1576481576123][shell][info]["bootShellCrashReporter~ Success"]
[17499][1576481576126][shell][info]["shellController~init: Success"]
[17499][1576481576126][shell][info]["shellMeta~init: Success"]
[17499][1576481576182][shell][info]["init~setViewAttributes - Initializing view with opts:",{"devtools":false,"id":2,"startTime":1576481573193,"type":"shared","partitionId":"default"}]
[17499][1576481576184][shell][info]["init~setViewAttributes - Success"]
[17499][1576481583629][shell][info]["EventBus~initialize - Success"]
[17499][1576481583642][shell][info]["bootShellCrashReporter~ Success"]
[17499][1576481583644][shell][info]["shellController~init: Success"]
[17499][1576481583645][shell][info]["shellMeta~init: Success"]
[17499][1576481583658][shell][info]["init~setViewAttributes - Initializing view with opts:",{"allIds":[3],"devtools":false,"id":3,"primaryId":3,"startTime":1576481583236,"type":"requester","partitionId":"default"}]
[17499][1576481583660][shell][info]["init~setViewAttributes - Success"]
