[16512][1575958571684][shared][info]["EventBus~initialize - Success"]
[16512][1575958571687][shared][info]["Messaging~boot - Success"]
[16512][1575958571709][shared][info]["bootCrashReporter~ Success"]
[16512][1575958571715][shared][info]["Telemetry~boot - Success"]
[16512][1575958571717][shared][info]["bootConfigurations~initialize - Success"]
[16512][1575958571721][shared][info]["Settings~boot - Success"]
[16512][1575958571723][shared][info]["Migrations: Starting migrations"]
[16512][1575958571723][shared][info]["Migrations: Walking migration","0000_initial"]
[16512][1575958571723][shared][info]["Migrations: Walking migration","0001_add_archived_resources_table"]
[16512][1575958571723][shared][info]["Migrations: Walking migration","0002_add_variable_sessions_table"]
[16512][1575958571723][shared][info]["Migrations: Walking migration","0003_add_editor_tables"]
[16512][1575958571724][shared][info]["Migrations: Walking migration","0004_migrate_ws_session_data"]
[16512][1575958571724][shared][info]["Migrations: Walking migration","0005_cleanup_request_response_and_history_body"]
[16512][1575958571724][shared][info]["Migrations: Walking migration","0006_add_dbp_to_request_response_and_history"]
[16512][1575958571724][shared][info]["Migrations: Walking migration","0007_add_sync_client_buckets_by_order_id_table"]
[16512][1575958571724][shared][info]["Migrations: Walking migration","0008_migrate_to_sync_client_buckets_by_order_id"]
[16512][1575958571724][shared][info]["Migrations: Walking migration","0009_remove_sync_client_buckets_table"]
[16512][1575958571724][shared][info]["Migrations: Walking migration","0010_add_history_owner"]
[16512][1575958571724][shared][info]["Migrations: Walking migration","0011_add_history_response_table"]
[16512][1575958571726][shared][info]["Migrations: Walking migration","0012_add_user_data_table"]
[16512][1575958571726][shared][info]["Migrations: Walking migration","0013_sanitize_request_response_and_history_methods"]
[16512][1575958571726][shared][info]["Migrations: Walking migration","0014_sanitize_response_requestobject_rawmodedata"]
[16512][1575958571726][shared][info]["Migrations: Walking migration","0015_add_favorited_collections_table"]
[16512][1575958571727][shared][info]["Migrations: Walking migration","0016_add_permission_table"]
[16512][1575958571730][shared][info]["Migrations: Walking migration","0017_add_user_preferences_table"]
[16512][1575958571731][shared][info]["Migrations: Walking migration","0018_index_header_presets"]
[16512][1575958571731][shared][info]["Migrations: Walking migration","0019_migrate_favorite_collections_data"]
[16512][1575958571732][shared][info]["Migrations: Walking migration","0020_migrate_sync_client_revision"]
[16512][1575958571733][shared][info]["Migrations: Walking migration","0021_clear_permissions"]
[16512][1575958571734][shared][info]["Migrations: Walking migration","0022_add_workspace_header_presets"]
[16512][1575958571734][shared][info]["Migrations: Walking migration","0023_remove_collection_permissions_and_shared"]
[16512][1575958571735][shared][info]["Migrations: Starting migration","0000_initial"]
[16512][1575958571736][shared][info]["Migrations: Setting context before starting migration","0000_initial",{"0000_initial":"started"}]
[16512][1575958571736][shared][info]["Migrations: Applying migration","0000_initial"]
[16512][1575958571736][shared][info]["Migrations: Upgrading IndexedDB to version","0000_initial",1]
[16512][1575958571737][shared][info]["Migrations: Adding pending commit to queue","0000_initial"]
[16512][1575958571737][shared][info]["Migrations: Starting migration","0001_add_archived_resources_table"]
[16512][1575958571737][shared][info]["Migrations: Setting context before starting migration","0001_add_archived_resources_table",{"0000_initial":"started","0001_add_archived_resources_table":"started"}]
[16512][1575958571737][shared][info]["Migrations: Applying migration","0001_add_archived_resources_table"]
[16512][1575958571738][shared][info]["Migrations: Upgrading IndexedDB to version","0001_add_archived_resources_table",2]
[16512][1575958571739][shared][info]["Migrations: Adding pending commit to queue","0001_add_archived_resources_table"]
[16512][1575958571739][shared][info]["Migrations: Starting migration","0002_add_variable_sessions_table"]
[16512][1575958571739][shared][info]["Migrations: Setting context before starting migration","0002_add_variable_sessions_table",{"0000_initial":"started","0001_add_archived_resources_table":"started","0002_add_variable_sessions_table":"started"}]
[16512][1575958571739][shared][info]["Migrations: Applying migration","0002_add_variable_sessions_table"]
[16512][1575958571739][shared][info]["Migrations: Upgrading IndexedDB to version","0002_add_variable_sessions_table",3]
[16512][1575958571740][shared][info]["Migrations: Adding pending commit to queue","0002_add_variable_sessions_table"]
[16512][1575958571740][shared][info]["Migrations: Starting migration","0003_add_editor_tables"]
[16512][1575958571740][shared][info]["Migrations: Setting context before starting migration","0003_add_editor_tables",{"0000_initial":"started","0001_add_archived_resources_table":"started","0002_add_variable_sessions_table":"started","0003_add_editor_tables":"started"}]
[16512][1575958571740][shared][info]["Migrations: Applying migration","0003_add_editor_tables"]
[16512][1575958571741][shared][info]["Migrations: Upgrading IndexedDB to version","0003_add_editor_tables",4]
[16512][1575958571741][shared][info]["Migrations: Adding pending commit to queue","0003_add_editor_tables"]
[16512][1575958571741][shared][info]["Migrations: Starting migration","0004_migrate_ws_session_data"]
[16512][1575958571741][shared][info]["Migrations: Flushing pending migrations for","0004_migrate_ws_session_data"]
[16512][1575958571742][shared][info]["Migrations: Flushing pending commit for type","IndexeddbSchemaMigration"]
[16512][1575958571742][shared][info]["Migrations: Committing IndexedDB upgrade"]
[16512][1575958571902][shared][info]["Migrations: Updating status in migration context",{"0000_initial":"started","0001_add_archived_resources_table":"started","0002_add_variable_sessions_table":"started","0003_add_editor_tables":"started"}]
[16512][1575958571902][shared][info]["Migrations: Updated status in migration context",{"0000_initial":"finished","0001_add_archived_resources_table":"finished","0002_add_variable_sessions_table":"finished","0003_add_editor_tables":"finished"}]
[16512][1575958571902][shared][info]["Migrations: Setting context before starting migration","0004_migrate_ws_session_data",{"0000_initial":"finished","0001_add_archived_resources_table":"finished","0002_add_variable_sessions_table":"finished","0003_add_editor_tables":"finished","0004_migrate_ws_session_data":"started"}]
[16512][1575958571903][shared][info]["Migrations: Applying migration","0004_migrate_ws_session_data"]
[16512][1575958571903][shared][info]["Migrations: Processing IndexedDB data migration","0004_migrate_ws_session_data"]
[16512][1575958571961][shared][info]["Migration~Tabs: Starting migration"]
[16512][1575958572031][shared][info]["Migration~Tabs: Completed transformation"]
[16512][1575958572032][shared][info]["Migration~Tabs: Creating editors"]
[16512][1575958572036][shared][info]["Migration~Tabs: Creating editor models"]
[16512][1575958572092][shared][info]["Migrations: Saving migration context after completion","0004_migrate_ws_session_data",{"0000_initial":"finished","0001_add_archived_resources_table":"finished","0002_add_variable_sessions_table":"finished","0003_add_editor_tables":"finished","0004_migrate_ws_session_data":"started"}]
[16512][1575958572093][shared][info]["Migrations: Starting migration","0005_cleanup_request_response_and_history_body"]
[16512][1575958572093][shared][info]["Migrations: Flushing pending migrations for","0005_cleanup_request_response_and_history_body"]
[16512][1575958572094][shared][info]["Migrations: Updating status in migration context",{"0000_initial":"finished","0001_add_archived_resources_table":"finished","0002_add_variable_sessions_table":"finished","0003_add_editor_tables":"finished","0004_migrate_ws_session_data":"finished"}]
[16512][1575958572096][shared][info]["Migrations: Updated status in migration context",{"0000_initial":"finished","0001_add_archived_resources_table":"finished","0002_add_variable_sessions_table":"finished","0003_add_editor_tables":"finished","0004_migrate_ws_session_data":"finished"}]
[16512][1575958572099][shared][info]["Migrations: Setting context before starting migration","0005_cleanup_request_response_and_history_body",{"0000_initial":"finished","0001_add_archived_resources_table":"finished","0002_add_variable_sessions_table":"finished","0003_add_editor_tables":"finished","0004_migrate_ws_session_data":"finished","0005_cleanup_request_response_and_history_body":"started"}]
[16512][1575958572101][shared][info]["Migrations: Applying migration","0005_cleanup_request_response_and_history_body"]
[16512][1575958572101][shared][info]["Migrations: Processing IndexedDB data migration","0005_cleanup_request_response_and_history_body"]
[16512][1575958572238][shared][info]["Migrations: Saving migration context after completion","0005_cleanup_request_response_and_history_body",{"0000_initial":"finished","0001_add_archived_resources_table":"finished","0002_add_variable_sessions_table":"finished","0003_add_editor_tables":"finished","0004_migrate_ws_session_data":"finished","0005_cleanup_request_response_and_history_body":"started"}]
[16512][1575958572239][shared][info]["Migrations: Starting migration","0006_add_dbp_to_request_response_and_history"]
[16512][1575958572240][shared][info]["Migrations: Flushing pending migrations for","0006_add_dbp_to_request_response_and_history"]
[16512][1575958572240][shared][info]["Migrations: Updating status in migration context",{"0000_initial":"finished","0001_add_archived_resources_table":"finished","0002_add_variable_sessions_table":"finished","0003_add_editor_tables":"finished","0004_migrate_ws_session_data":"finished","0005_cleanup_request_response_and_history_body":"finished"}]
[16512][1575958572240][shared][info]["Migrations: Updated status in migration context",{"0000_initial":"finished","0001_add_archived_resources_table":"finished","0002_add_variable_sessions_table":"finished","0003_add_editor_tables":"finished","0004_migrate_ws_session_data":"finished","0005_cleanup_request_response_and_history_body":"finished"}]
[16512][1575958572240][shared][info]["Migrations: Setting context before starting migration","0006_add_dbp_to_request_response_and_history",{"0000_initial":"finished","0001_add_archived_resources_table":"finished","0002_add_variable_sessions_table":"finished","0003_add_editor_tables":"finished","0004_migrate_ws_session_data":"finished","0005_cleanup_request_response_and_history_body":"finished","0006_add_dbp_to_request_response_and_history":"started"}]
[16512][1575958572240][shared][info]["Migrations: Applying migration","0006_add_dbp_to_request_response_and_history"]
[16512][1575958572240][shared][info]["Migrations: Processing IndexedDB data migration","0006_add_dbp_to_request_response_and_history"]
[16512][1575958572305][shared][info]["Migrations: Saving migration context after completion","0006_add_dbp_to_request_response_and_history",{"0000_initial":"finished","0001_add_archived_resources_table":"finished","0002_add_variable_sessions_table":"finished","0003_add_editor_tables":"finished","0004_migrate_ws_session_data":"finished","0005_cleanup_request_response_and_history_body":"finished","0006_add_dbp_to_request_response_and_history":"started"}]
[16512][1575958572306][shared][info]["Migrations: Starting migration","0007_add_sync_client_buckets_by_order_id_table"]
[16512][1575958572307][shared][info]["Migrations: Setting context before starting migration","0007_add_sync_client_buckets_by_order_id_table",{"0000_initial":"finished","0001_add_archived_resources_table":"finished","0002_add_variable_sessions_table":"finished","0003_add_editor_tables":"finished","0004_migrate_ws_session_data":"finished","0005_cleanup_request_response_and_history_body":"finished","0006_add_dbp_to_request_response_and_history":"finished","0007_add_sync_client_buckets_by_order_id_table":"started"}]
[16512][1575958572307][shared][info]["Migrations: Applying migration","0007_add_sync_client_buckets_by_order_id_table"]
[16512][1575958572307][shared][info]["Migrations: Upgrading IndexedDB to version","0007_add_sync_client_buckets_by_order_id_table",5]
[16512][1575958572310][shared][info]["Migrations: Adding pending commit to queue","0007_add_sync_client_buckets_by_order_id_table"]
[16512][1575958572310][shared][info]["Migrations: Starting migration","0008_migrate_to_sync_client_buckets_by_order_id"]
[16512][1575958572311][shared][info]["Migrations: Flushing pending migrations for","0008_migrate_to_sync_client_buckets_by_order_id"]
[16512][1575958572311][shared][info]["Migrations: Flushing pending commit for type","IndexeddbSchemaMigration"]
[16512][1575958572311][shared][info]["Migrations: Committing IndexedDB upgrade"]
[16512][1575958572371][shared][info]["Migrations: Updating status in migration context",{"0000_initial":"finished","0001_add_archived_resources_table":"finished","0002_add_variable_sessions_table":"finished","0003_add_editor_tables":"finished","0004_migrate_ws_session_data":"finished","0005_cleanup_request_response_and_history_body":"finished","0006_add_dbp_to_request_response_and_history":"finished","0007_add_sync_client_buckets_by_order_id_table":"started"}]
[16512][1575958572371][shared][info]["Migrations: Updated status in migration context",{"0000_initial":"finished","0001_add_archived_resources_table":"finished","0002_add_variable_sessions_table":"finished","0003_add_editor_tables":"finished","0004_migrate_ws_session_data":"finished","0005_cleanup_request_response_and_history_body":"finished","0006_add_dbp_to_request_response_and_history":"finished","0007_add_sync_client_buckets_by_order_id_table":"finished"}]
[16512][1575958572372][shared][info]["Migrations: Setting context before starting migration","0008_migrate_to_sync_client_buckets_by_order_id",{"0000_initial":"finished","0001_add_archived_resources_table":"finished","0002_add_variable_sessions_table":"finished","0003_add_editor_tables":"finished","0004_migrate_ws_session_data":"finished","0005_cleanup_request_response_and_history_body":"finished","0006_add_dbp_to_request_response_and_history":"finished","0007_add_sync_client_buckets_by_order_id_table":"finished","0008_migrate_to_sync_client_buckets_by_order_id":"started"}]
[16512][1575958572373][shared][info]["Migrations: Applying migration","0008_migrate_to_sync_client_buckets_by_order_id"]
[16512][1575958572373][shared][info]["Migrations: Processing IndexedDB data migration","0008_migrate_to_sync_client_buckets_by_order_id"]
[16512][1575958572484][shared][info]["Migrations: Saving migration context after completion","0008_migrate_to_sync_client_buckets_by_order_id",{"0000_initial":"finished","0001_add_archived_resources_table":"finished","0002_add_variable_sessions_table":"finished","0003_add_editor_tables":"finished","0004_migrate_ws_session_data":"finished","0005_cleanup_request_response_and_history_body":"finished","0006_add_dbp_to_request_response_and_history":"finished","0007_add_sync_client_buckets_by_order_id_table":"finished","0008_migrate_to_sync_client_buckets_by_order_id":"started"}]
[16512][1575958572485][shared][info]["Migrations: Starting migration","0009_remove_sync_client_buckets_table"]
[16512][1575958572485][shared][info]["Migrations: Setting context before starting migration","0009_remove_sync_client_buckets_table",{"0000_initial":"finished","0001_add_archived_resources_table":"finished","0002_add_variable_sessions_table":"finished","0003_add_editor_tables":"finished","0004_migrate_ws_session_data":"finished","0005_cleanup_request_response_and_history_body":"finished","0006_add_dbp_to_request_response_and_history":"finished","0007_add_sync_client_buckets_by_order_id_table":"finished","0008_migrate_to_sync_client_buckets_by_order_id":"finished","0009_remove_sync_client_buckets_table":"started"}]
[16512][1575958572485][shared][info]["Migrations: Applying migration","0009_remove_sync_client_buckets_table"]
[16512][1575958572485][shared][info]["Migrations: Upgrading IndexedDB to version","0009_remove_sync_client_buckets_table",6]
[16512][1575958572487][shared][info]["Migrations: Adding pending commit to queue","0009_remove_sync_client_buckets_table"]
[16512][1575958572487][shared][info]["Migrations: Starting migration","0010_add_history_owner"]
[16512][1575958572487][shared][info]["Migrations: Flushing pending migrations for","0010_add_history_owner"]
[16512][1575958572487][shared][info]["Migrations: Flushing pending commit for type","IndexeddbSchemaMigration"]
[16512][1575958572487][shared][info]["Migrations: Committing IndexedDB upgrade"]
[16512][1575958572629][shared][info]["Migrations: Updating status in migration context",{"0000_initial":"finished","0001_add_archived_resources_table":"finished","0002_add_variable_sessions_table":"finished","0003_add_editor_tables":"finished","0004_migrate_ws_session_data":"finished","0005_cleanup_request_response_and_history_body":"finished","0006_add_dbp_to_request_response_and_history":"finished","0007_add_sync_client_buckets_by_order_id_table":"finished","0008_migrate_to_sync_client_buckets_by_order_id":"finished","0009_remove_sync_client_buckets_table":"started"}]
[16512][1575958572630][shared][info]["Migrations: Updated status in migration context",{"0000_initial":"finished","0001_add_archived_resources_table":"finished","0002_add_variable_sessions_table":"finished","0003_add_editor_tables":"finished","0004_migrate_ws_session_data":"finished","0005_cleanup_request_response_and_history_body":"finished","0006_add_dbp_to_request_response_and_history":"finished","0007_add_sync_client_buckets_by_order_id_table":"finished","0008_migrate_to_sync_client_buckets_by_order_id":"finished","0009_remove_sync_client_buckets_table":"finished"}]
[16512][1575958572630][shared][info]["Migrations: Setting context before starting migration","0010_add_history_owner",{"0000_initial":"finished","0001_add_archived_resources_table":"finished","0002_add_variable_sessions_table":"finished","0003_add_editor_tables":"finished","0004_migrate_ws_session_data":"finished","0005_cleanup_request_response_and_history_body":"finished","0006_add_dbp_to_request_response_and_history":"finished","0007_add_sync_client_buckets_by_order_id_table":"finished","0008_migrate_to_sync_client_buckets_by_order_id":"finished","0009_remove_sync_client_buckets_table":"finished","0010_add_history_owner":"started"}]
[16512][1575958572630][shared][info]["Migrations: Applying migration","0010_add_history_owner"]
[16512][1575958572630][shared][info]["Migrations: Processing IndexedDB data migration","0010_add_history_owner"]
[16512][1575958572831][shared][info]["Migrations: Saving migration context after completion","0010_add_history_owner",{"0000_initial":"finished","0001_add_archived_resources_table":"finished","0002_add_variable_sessions_table":"finished","0003_add_editor_tables":"finished","0004_migrate_ws_session_data":"finished","0005_cleanup_request_response_and_history_body":"finished","0006_add_dbp_to_request_response_and_history":"finished","0007_add_sync_client_buckets_by_order_id_table":"finished","0008_migrate_to_sync_client_buckets_by_order_id":"finished","0009_remove_sync_client_buckets_table":"finished","0010_add_history_owner":"started"}]
[16512][1575958572832][shared][info]["Migrations: Starting migration","0011_add_history_response_table"]
[16512][1575958572832][shared][info]["Migrations: Setting context before starting migration","0011_add_history_response_table",{"0000_initial":"finished","0001_add_archived_resources_table":"finished","0002_add_variable_sessions_table":"finished","0003_add_editor_tables":"finished","0004_migrate_ws_session_data":"finished","0005_cleanup_request_response_and_history_body":"finished","0006_add_dbp_to_request_response_and_history":"finished","0007_add_sync_client_buckets_by_order_id_table":"finished","0008_migrate_to_sync_client_buckets_by_order_id":"finished","0009_remove_sync_client_buckets_table":"finished","0010_add_history_owner":"finished","0011_add_history_response_table":"started"}]
[16512][1575958572833][shared][info]["Migrations: Applying migration","0011_add_history_response_table"]
[16512][1575958572834][shared][info]["Migrations: Upgrading IndexedDB to version","0011_add_history_response_table",7]
[16512][1575958572835][shared][info]["Migrations: Adding pending commit to queue","0011_add_history_response_table"]
[16512][1575958572836][shared][info]["Migrations: Starting migration","0012_add_user_data_table"]
[16512][1575958572837][shared][info]["Migrations: Setting context before starting migration","0012_add_user_data_table",{"0000_initial":"finished","0001_add_archived_resources_table":"finished","0002_add_variable_sessions_table":"finished","0003_add_editor_tables":"finished","0004_migrate_ws_session_data":"finished","0005_cleanup_request_response_and_history_body":"finished","0006_add_dbp_to_request_response_and_history":"finished","0007_add_sync_client_buckets_by_order_id_table":"finished","0008_migrate_to_sync_client_buckets_by_order_id":"finished","0009_remove_sync_client_buckets_table":"finished","0010_add_history_owner":"finished","0011_add_history_response_table":"started","0012_add_user_data_table":"started"}]
[16512][1575958572837][shared][info]["Migrations: Applying migration","0012_add_user_data_table"]
[16512][1575958572837][shared][info]["Migrations: Upgrading IndexedDB to version","0012_add_user_data_table",8]
[16512][1575958572841][shared][info]["Migrations: Adding pending commit to queue","0012_add_user_data_table"]
[16512][1575958572842][shared][info]["Migrations: Starting migration","0013_sanitize_request_response_and_history_methods"]
[16512][1575958572843][shared][info]["Migrations: Flushing pending migrations for","0013_sanitize_request_response_and_history_methods"]
[16512][1575958572843][shared][info]["Migrations: Flushing pending commit for type","IndexeddbSchemaMigration"]
[16512][1575958572843][shared][info]["Migrations: Committing IndexedDB upgrade"]
[16512][1575958573293][shared][info]["Migrations: Updating status in migration context",{"0000_initial":"finished","0001_add_archived_resources_table":"finished","0002_add_variable_sessions_table":"finished","0003_add_editor_tables":"finished","0004_migrate_ws_session_data":"finished","0005_cleanup_request_response_and_history_body":"finished","0006_add_dbp_to_request_response_and_history":"finished","0007_add_sync_client_buckets_by_order_id_table":"finished","0008_migrate_to_sync_client_buckets_by_order_id":"finished","0009_remove_sync_client_buckets_table":"finished","0010_add_history_owner":"finished","0011_add_history_response_table":"started","0012_add_user_data_table":"started"}]
[16512][1575958573294][shared][info]["Migrations: Updated status in migration context",{"0000_initial":"finished","0001_add_archived_resources_table":"finished","0002_add_variable_sessions_table":"finished","0003_add_editor_tables":"finished","0004_migrate_ws_session_data":"finished","0005_cleanup_request_response_and_history_body":"finished","0006_add_dbp_to_request_response_and_history":"finished","0007_add_sync_client_buckets_by_order_id_table":"finished","0008_migrate_to_sync_client_buckets_by_order_id":"finished","0009_remove_sync_client_buckets_table":"finished","0010_add_history_owner":"finished","0011_add_history_response_table":"finished","0012_add_user_data_table":"finished"}]
[16512][1575958573295][shared][info]["Migrations: Setting context before starting migration","0013_sanitize_request_response_and_history_methods",{"0000_initial":"finished","0001_add_archived_resources_table":"finished","0002_add_variable_sessions_table":"finished","0003_add_editor_tables":"finished","0004_migrate_ws_session_data":"finished","0005_cleanup_request_response_and_history_body":"finished","0006_add_dbp_to_request_response_and_history":"finished","0007_add_sync_client_buckets_by_order_id_table":"finished","0008_migrate_to_sync_client_buckets_by_order_id":"finished","0009_remove_sync_client_buckets_table":"finished","0010_add_history_owner":"finished","0011_add_history_response_table":"finished","0012_add_user_data_table":"finished","0013_sanitize_request_response_and_history_methods":"started"}]
[16512][1575958573295][shared][info]["Migrations: Applying migration","0013_sanitize_request_response_and_history_methods"]
[16512][1575958573295][shared][info]["Migrations: Processing IndexedDB data migration","0013_sanitize_request_response_and_history_methods"]
[16512][1575958573382][shared][info]["Migrations: Saving migration context after completion","0013_sanitize_request_response_and_history_methods",{"0000_initial":"finished","0001_add_archived_resources_table":"finished","0002_add_variable_sessions_table":"finished","0003_add_editor_tables":"finished","0004_migrate_ws_session_data":"finished","0005_cleanup_request_response_and_history_body":"finished","0006_add_dbp_to_request_response_and_history":"finished","0007_add_sync_client_buckets_by_order_id_table":"finished","0008_migrate_to_sync_client_buckets_by_order_id":"finished","0009_remove_sync_client_buckets_table":"finished","0010_add_history_owner":"finished","0011_add_history_response_table":"finished","0012_add_user_data_table":"finished","0013_sanitize_request_response_and_history_methods":"started"}]
[16512][1575958573382][shared][info]["Migrations: Starting migration","0014_sanitize_response_requestobject_rawmodedata"]
[16512][1575958573383][shared][info]["Migrations: Flushing pending migrations for","0014_sanitize_response_requestobject_rawmodedata"]
[16512][1575958573383][shared][info]["Migrations: Updating status in migration context",{"0000_initial":"finished","0001_add_archived_resources_table":"finished","0002_add_variable_sessions_table":"finished","0003_add_editor_tables":"finished","0004_migrate_ws_session_data":"finished","0005_cleanup_request_response_and_history_body":"finished","0006_add_dbp_to_request_response_and_history":"finished","0007_add_sync_client_buckets_by_order_id_table":"finished","0008_migrate_to_sync_client_buckets_by_order_id":"finished","0009_remove_sync_client_buckets_table":"finished","0010_add_history_owner":"finished","0011_add_history_response_table":"finished","0012_add_user_data_table":"finished","0013_sanitize_request_response_and_history_methods":"finished"}]
[16512][1575958573383][shared][info]["Migrations: Updated status in migration context",{"0000_initial":"finished","0001_add_archived_resources_table":"finished","0002_add_variable_sessions_table":"finished","0003_add_editor_tables":"finished","0004_migrate_ws_session_data":"finished","0005_cleanup_request_response_and_history_body":"finished","0006_add_dbp_to_request_response_and_history":"finished","0007_add_sync_client_buckets_by_order_id_table":"finished","0008_migrate_to_sync_client_buckets_by_order_id":"finished","0009_remove_sync_client_buckets_table":"finished","0010_add_history_owner":"finished","0011_add_history_response_table":"finished","0012_add_user_data_table":"finished","0013_sanitize_request_response_and_history_methods":"finished"}]
[16512][1575958573384][shared][info]["Migrations: Setting context before starting migration","0014_sanitize_response_requestobject_rawmodedata",{"0000_initial":"finished","0001_add_archived_resources_table":"finished","0002_add_variable_sessions_table":"finished","0003_add_editor_tables":"finished","0004_migrate_ws_session_data":"finished","0005_cleanup_request_response_and_history_body":"finished","0006_add_dbp_to_request_response_and_history":"finished","0007_add_sync_client_buckets_by_order_id_table":"finished","0008_migrate_to_sync_client_buckets_by_order_id":"finished","0009_remove_sync_client_buckets_table":"finished","0010_add_history_owner":"finished","0011_add_history_response_table":"finished","0012_add_user_data_table":"finished","0013_sanitize_request_response_and_history_methods":"finished","0014_sanitize_response_requestobject_rawmodedata":"started"}]
[16512][1575958573384][shared][info]["Migrations: Applying migration","0014_sanitize_response_requestobject_rawmodedata"]
[16512][1575958573384][shared][info]["Migrations: Processing IndexedDB data migration","0014_sanitize_response_requestobject_rawmodedata"]
[16512][1575958573394][shared][info]["Migrations: Saving migration context after completion","0014_sanitize_response_requestobject_rawmodedata",{"0000_initial":"finished","0001_add_archived_resources_table":"finished","0002_add_variable_sessions_table":"finished","0003_add_editor_tables":"finished","0004_migrate_ws_session_data":"finished","0005_cleanup_request_response_and_history_body":"finished","0006_add_dbp_to_request_response_and_history":"finished","0007_add_sync_client_buckets_by_order_id_table":"finished","0008_migrate_to_sync_client_buckets_by_order_id":"finished","0009_remove_sync_client_buckets_table":"finished","0010_add_history_owner":"finished","0011_add_history_response_table":"finished","0012_add_user_data_table":"finished","0013_sanitize_request_response_and_history_methods":"finished","0014_sanitize_response_requestobject_rawmodedata":"started"}]
[16512][1575958573395][shared][info]["Migrations: Starting migration","0015_add_favorited_collections_table"]
[16512][1575958573396][shared][info]["Migrations: Setting context before starting migration","0015_add_favorited_collections_table",{"0000_initial":"finished","0001_add_archived_resources_table":"finished","0002_add_variable_sessions_table":"finished","0003_add_editor_tables":"finished","0004_migrate_ws_session_data":"finished","0005_cleanup_request_response_and_history_body":"finished","0006_add_dbp_to_request_response_and_history":"finished","0007_add_sync_client_buckets_by_order_id_table":"finished","0008_migrate_to_sync_client_buckets_by_order_id":"finished","0009_remove_sync_client_buckets_table":"finished","0010_add_history_owner":"finished","0011_add_history_response_table":"finished","0012_add_user_data_table":"finished","0013_sanitize_request_response_and_history_methods":"finished","0014_sanitize_response_requestobject_rawmodedata":"finished","0015_add_favorited_collections_table":"started"}]
[16512][1575958573396][shared][info]["Migrations: Applying migration","0015_add_favorited_collections_table"]
[16512][1575958573396][shared][info]["Migrations: Upgrading IndexedDB to version","0015_add_favorited_collections_table",9]
[16512][1575958573397][shared][info]["Migrations: Adding pending commit to queue","0015_add_favorited_collections_table"]
[16512][1575958573398][shared][info]["Migrations: Starting migration","0016_add_permission_table"]
[16512][1575958573398][shared][info]["Migrations: Setting context before starting migration","0016_add_permission_table",{"0000_initial":"finished","0001_add_archived_resources_table":"finished","0002_add_variable_sessions_table":"finished","0003_add_editor_tables":"finished","0004_migrate_ws_session_data":"finished","0005_cleanup_request_response_and_history_body":"finished","0006_add_dbp_to_request_response_and_history":"finished","0007_add_sync_client_buckets_by_order_id_table":"finished","0008_migrate_to_sync_client_buckets_by_order_id":"finished","0009_remove_sync_client_buckets_table":"finished","0010_add_history_owner":"finished","0011_add_history_response_table":"finished","0012_add_user_data_table":"finished","0013_sanitize_request_response_and_history_methods":"finished","0014_sanitize_response_requestobject_rawmodedata":"finished","0015_add_favorited_collections_table":"started","0016_add_permission_table":"started"}]
[16512][1575958573398][shared][info]["Migrations: Applying migration","0016_add_permission_table"]
[16512][1575958573398][shared][info]["Migrations: Upgrading IndexedDB to version","0016_add_permission_table",10]
[16512][1575958573399][shared][info]["Migrations: Adding pending commit to queue","0016_add_permission_table"]
[16512][1575958573399][shared][info]["Migrations: Starting migration","0017_add_user_preferences_table"]
[16512][1575958573399][shared][info]["Migrations: Setting context before starting migration","0017_add_user_preferences_table",{"0000_initial":"finished","0001_add_archived_resources_table":"finished","0002_add_variable_sessions_table":"finished","0003_add_editor_tables":"finished","0004_migrate_ws_session_data":"finished","0005_cleanup_request_response_and_history_body":"finished","0006_add_dbp_to_request_response_and_history":"finished","0007_add_sync_client_buckets_by_order_id_table":"finished","0008_migrate_to_sync_client_buckets_by_order_id":"finished","0009_remove_sync_client_buckets_table":"finished","0010_add_history_owner":"finished","0011_add_history_response_table":"finished","0012_add_user_data_table":"finished","0013_sanitize_request_response_and_history_methods":"finished","0014_sanitize_response_requestobject_rawmodedata":"finished","0015_add_favorited_collections_table":"started","0016_add_permission_table":"started","0017_add_user_preferences_table":"started"}]
[16512][1575958573400][shared][info]["Migrations: Applying migration","0017_add_user_preferences_table"]
[16512][1575958573400][shared][info]["Migrations: Upgrading IndexedDB to version","0017_add_user_preferences_table",11]
[16512][1575958573400][shared][info]["Migrations: Adding pending commit to queue","0017_add_user_preferences_table"]
[16512][1575958573400][shared][info]["Migrations: Starting migration","0018_index_header_presets"]
[16512][1575958573401][shared][info]["Migrations: Setting context before starting migration","0018_index_header_presets",{"0000_initial":"finished","0001_add_archived_resources_table":"finished","0002_add_variable_sessions_table":"finished","0003_add_editor_tables":"finished","0004_migrate_ws_session_data":"finished","0005_cleanup_request_response_and_history_body":"finished","0006_add_dbp_to_request_response_and_history":"finished","0007_add_sync_client_buckets_by_order_id_table":"finished","0008_migrate_to_sync_client_buckets_by_order_id":"finished","0009_remove_sync_client_buckets_table":"finished","0010_add_history_owner":"finished","0011_add_history_response_table":"finished","0012_add_user_data_table":"finished","0013_sanitize_request_response_and_history_methods":"finished","0014_sanitize_response_requestobject_rawmodedata":"finished","0015_add_favorited_collections_table":"started","0016_add_permission_table":"started","0017_add_user_preferences_table":"started","0018_index_header_presets":"started"}]
[16512][1575958573401][shared][info]["Migrations: Applying migration","0018_index_header_presets"]
[16512][1575958573401][shared][info]["Migrations: Upgrading IndexedDB to version","0018_index_header_presets",12]
[16512][1575958573402][shared][info]["Migrations: Adding pending commit to queue","0018_index_header_presets"]
[16512][1575958573402][shared][info]["Migrations: Starting migration","0019_migrate_favorite_collections_data"]
[16512][1575958573402][shared][info]["Migrations: Flushing pending migrations for","0019_migrate_favorite_collections_data"]
[16512][1575958573402][shared][info]["Migrations: Flushing pending commit for type","IndexeddbSchemaMigration"]
[16512][1575958573402][shared][info]["Migrations: Committing IndexedDB upgrade"]
[16512][1575958573561][shared][info]["Migrations: Updating status in migration context",{"0000_initial":"finished","0001_add_archived_resources_table":"finished","0002_add_variable_sessions_table":"finished","0003_add_editor_tables":"finished","0004_migrate_ws_session_data":"finished","0005_cleanup_request_response_and_history_body":"finished","0006_add_dbp_to_request_response_and_history":"finished","0007_add_sync_client_buckets_by_order_id_table":"finished","0008_migrate_to_sync_client_buckets_by_order_id":"finished","0009_remove_sync_client_buckets_table":"finished","0010_add_history_owner":"finished","0011_add_history_response_table":"finished","0012_add_user_data_table":"finished","0013_sanitize_request_response_and_history_methods":"finished","0014_sanitize_response_requestobject_rawmodedata":"finished","0015_add_favorited_collections_table":"started","0016_add_permission_table":"started","0017_add_user_preferences_table":"started","0018_index_header_presets":"started"}]
[16512][1575958573561][shared][info]["Migrations: Updated status in migration context",{"0000_initial":"finished","0001_add_archived_resources_table":"finished","0002_add_variable_sessions_table":"finished","0003_add_editor_tables":"finished","0004_migrate_ws_session_data":"finished","0005_cleanup_request_response_and_history_body":"finished","0006_add_dbp_to_request_response_and_history":"finished","0007_add_sync_client_buckets_by_order_id_table":"finished","0008_migrate_to_sync_client_buckets_by_order_id":"finished","0009_remove_sync_client_buckets_table":"finished","0010_add_history_owner":"finished","0011_add_history_response_table":"finished","0012_add_user_data_table":"finished","0013_sanitize_request_response_and_history_methods":"finished","0014_sanitize_response_requestobject_rawmodedata":"finished","0015_add_favorited_collections_table":"finished","0016_add_permission_table":"finished","0017_add_user_preferences_table":"finished","0018_index_header_presets":"finished"}]
[16512][1575958573562][shared][info]["Migrations: Setting context before starting migration","0019_migrate_favorite_collections_data",{"0000_initial":"finished","0001_add_archived_resources_table":"finished","0002_add_variable_sessions_table":"finished","0003_add_editor_tables":"finished","0004_migrate_ws_session_data":"finished","0005_cleanup_request_response_and_history_body":"finished","0006_add_dbp_to_request_response_and_history":"finished","0007_add_sync_client_buckets_by_order_id_table":"finished","0008_migrate_to_sync_client_buckets_by_order_id":"finished","0009_remove_sync_client_buckets_table":"finished","0010_add_history_owner":"finished","0011_add_history_response_table":"finished","0012_add_user_data_table":"finished","0013_sanitize_request_response_and_history_methods":"finished","0014_sanitize_response_requestobject_rawmodedata":"finished","0015_add_favorited_collections_table":"finished","0016_add_permission_table":"finished","0017_add_user_preferences_table":"finished","0018_index_header_presets":"finished","0019_migrate_favorite_collections_data":"started"}]
[16512][1575958573562][shared][info]["Migrations: Applying migration","0019_migrate_favorite_collections_data"]
[16512][1575958573562][shared][info]["Migrations: Processing IndexedDB data migration","0019_migrate_favorite_collections_data"]
[16512][1575958573564][shared][info]["Migration~FavoriteCollections: Starting migration"]
[16512][1575958573654][shared][info]["Migrations: Saving migration context after completion","0019_migrate_favorite_collections_data",{"0000_initial":"finished","0001_add_archived_resources_table":"finished","0002_add_variable_sessions_table":"finished","0003_add_editor_tables":"finished","0004_migrate_ws_session_data":"finished","0005_cleanup_request_response_and_history_body":"finished","0006_add_dbp_to_request_response_and_history":"finished","0007_add_sync_client_buckets_by_order_id_table":"finished","0008_migrate_to_sync_client_buckets_by_order_id":"finished","0009_remove_sync_client_buckets_table":"finished","0010_add_history_owner":"finished","0011_add_history_response_table":"finished","0012_add_user_data_table":"finished","0013_sanitize_request_response_and_history_methods":"finished","0014_sanitize_response_requestobject_rawmodedata":"finished","0015_add_favorited_collections_table":"finished","0016_add_permission_table":"finished","0017_add_user_preferences_table":"finished","0018_index_header_presets":"finished","0019_migrate_favorite_collections_data":"started"}]
[16512][1575958573654][shared][info]["Migrations: Starting migration","0020_migrate_sync_client_revision"]
[16512][1575958573655][shared][info]["Migrations: Flushing pending migrations for","0020_migrate_sync_client_revision"]
[16512][1575958573655][shared][info]["Migrations: Updating status in migration context",{"0000_initial":"finished","0001_add_archived_resources_table":"finished","0002_add_variable_sessions_table":"finished","0003_add_editor_tables":"finished","0004_migrate_ws_session_data":"finished","0005_cleanup_request_response_and_history_body":"finished","0006_add_dbp_to_request_response_and_history":"finished","0007_add_sync_client_buckets_by_order_id_table":"finished","0008_migrate_to_sync_client_buckets_by_order_id":"finished","0009_remove_sync_client_buckets_table":"finished","0010_add_history_owner":"finished","0011_add_history_response_table":"finished","0012_add_user_data_table":"finished","0013_sanitize_request_response_and_history_methods":"finished","0014_sanitize_response_requestobject_rawmodedata":"finished","0015_add_favorited_collections_table":"finished","0016_add_permission_table":"finished","0017_add_user_preferences_table":"finished","0018_index_header_presets":"finished","0019_migrate_favorite_collections_data":"finished"}]
[16512][1575958573655][shared][info]["Migrations: Updated status in migration context",{"0000_initial":"finished","0001_add_archived_resources_table":"finished","0002_add_variable_sessions_table":"finished","0003_add_editor_tables":"finished","0004_migrate_ws_session_data":"finished","0005_cleanup_request_response_and_history_body":"finished","0006_add_dbp_to_request_response_and_history":"finished","0007_add_sync_client_buckets_by_order_id_table":"finished","0008_migrate_to_sync_client_buckets_by_order_id":"finished","0009_remove_sync_client_buckets_table":"finished","0010_add_history_owner":"finished","0011_add_history_response_table":"finished","0012_add_user_data_table":"finished","0013_sanitize_request_response_and_history_methods":"finished","0014_sanitize_response_requestobject_rawmodedata":"finished","0015_add_favorited_collections_table":"finished","0016_add_permission_table":"finished","0017_add_user_preferences_table":"finished","0018_index_header_presets":"finished","0019_migrate_favorite_collections_data":"finished"}]
[16512][1575958573656][shared][info]["Migrations: Setting context before starting migration","0020_migrate_sync_client_revision",{"0000_initial":"finished","0001_add_archived_resources_table":"finished","0002_add_variable_sessions_table":"finished","0003_add_editor_tables":"finished","0004_migrate_ws_session_data":"finished","0005_cleanup_request_response_and_history_body":"finished","0006_add_dbp_to_request_response_and_history":"finished","0007_add_sync_client_buckets_by_order_id_table":"finished","0008_migrate_to_sync_client_buckets_by_order_id":"finished","0009_remove_sync_client_buckets_table":"finished","0010_add_history_owner":"finished","0011_add_history_response_table":"finished","0012_add_user_data_table":"finished","0013_sanitize_request_response_and_history_methods":"finished","0014_sanitize_response_requestobject_rawmodedata":"finished","0015_add_favorited_collections_table":"finished","0016_add_permission_table":"finished","0017_add_user_preferences_table":"finished","0018_index_header_presets":"finished","0019_migrate_favorite_collections_data":"finished","0020_migrate_sync_client_revision":"started"}]
[16512][1575958573656][shared][info]["Migrations: Applying migration","0020_migrate_sync_client_revision"]
[16512][1575958573656][shared][info]["Migrations: Processing IndexedDB data migration","0020_migrate_sync_client_revision"]
[16512][1575958573657][shared][info]["Migration~SyncClientRevision: Migrating revision id for timelines"]
[16512][1575958573703][shared][info]["Migrations: Saving migration context after completion","0020_migrate_sync_client_revision",{"0000_initial":"finished","0001_add_archived_resources_table":"finished","0002_add_variable_sessions_table":"finished","0003_add_editor_tables":"finished","0004_migrate_ws_session_data":"finished","0005_cleanup_request_response_and_history_body":"finished","0006_add_dbp_to_request_response_and_history":"finished","0007_add_sync_client_buckets_by_order_id_table":"finished","0008_migrate_to_sync_client_buckets_by_order_id":"finished","0009_remove_sync_client_buckets_table":"finished","0010_add_history_owner":"finished","0011_add_history_response_table":"finished","0012_add_user_data_table":"finished","0013_sanitize_request_response_and_history_methods":"finished","0014_sanitize_response_requestobject_rawmodedata":"finished","0015_add_favorited_collections_table":"finished","0016_add_permission_table":"finished","0017_add_user_preferences_table":"finished","0018_index_header_presets":"finished","0019_migrate_favorite_collections_data":"finished","0020_migrate_sync_client_revision":"started"}]
[16512][1575958573704][shared][info]["Migrations: Starting migration","0021_clear_permissions"]
[16512][1575958573704][shared][info]["Migrations: Flushing pending migrations for","0021_clear_permissions"]
[16512][1575958573704][shared][info]["Migrations: Updating status in migration context",{"0000_initial":"finished","0001_add_archived_resources_table":"finished","0002_add_variable_sessions_table":"finished","0003_add_editor_tables":"finished","0004_migrate_ws_session_data":"finished","0005_cleanup_request_response_and_history_body":"finished","0006_add_dbp_to_request_response_and_history":"finished","0007_add_sync_client_buckets_by_order_id_table":"finished","0008_migrate_to_sync_client_buckets_by_order_id":"finished","0009_remove_sync_client_buckets_table":"finished","0010_add_history_owner":"finished","0011_add_history_response_table":"finished","0012_add_user_data_table":"finished","0013_sanitize_request_response_and_history_methods":"finished","0014_sanitize_response_requestobject_rawmodedata":"finished","0015_add_favorited_collections_table":"finished","0016_add_permission_table":"finished","0017_add_user_preferences_table":"finished","0018_index_header_presets":"finished","0019_migrate_favorite_collections_data":"finished","0020_migrate_sync_client_revision":"finished"}]
[16512][1575958573704][shared][info]["Migrations: Updated status in migration context",{"0000_initial":"finished","0001_add_archived_resources_table":"finished","0002_add_variable_sessions_table":"finished","0003_add_editor_tables":"finished","0004_migrate_ws_session_data":"finished","0005_cleanup_request_response_and_history_body":"finished","0006_add_dbp_to_request_response_and_history":"finished","0007_add_sync_client_buckets_by_order_id_table":"finished","0008_migrate_to_sync_client_buckets_by_order_id":"finished","0009_remove_sync_client_buckets_table":"finished","0010_add_history_owner":"finished","0011_add_history_response_table":"finished","0012_add_user_data_table":"finished","0013_sanitize_request_response_and_history_methods":"finished","0014_sanitize_response_requestobject_rawmodedata":"finished","0015_add_favorited_collections_table":"finished","0016_add_permission_table":"finished","0017_add_user_preferences_table":"finished","0018_index_header_presets":"finished","0019_migrate_favorite_collections_data":"finished","0020_migrate_sync_client_revision":"finished"}]
[16512][1575958573704][shared][info]["Migrations: Setting context before starting migration","0021_clear_permissions",{"0000_initial":"finished","0001_add_archived_resources_table":"finished","0002_add_variable_sessions_table":"finished","0003_add_editor_tables":"finished","0004_migrate_ws_session_data":"finished","0005_cleanup_request_response_and_history_body":"finished","0006_add_dbp_to_request_response_and_history":"finished","0007_add_sync_client_buckets_by_order_id_table":"finished","0008_migrate_to_sync_client_buckets_by_order_id":"finished","0009_remove_sync_client_buckets_table":"finished","0010_add_history_owner":"finished","0011_add_history_response_table":"finished","0012_add_user_data_table":"finished","0013_sanitize_request_response_and_history_methods":"finished","0014_sanitize_response_requestobject_rawmodedata":"finished","0015_add_favorited_collections_table":"finished","0016_add_permission_table":"finished","0017_add_user_preferences_table":"finished","0018_index_header_presets":"finished","0019_migrate_favorite_collections_data":"finished","0020_migrate_sync_client_revision":"finished","0021_clear_permissions":"started"}]
[16512][1575958573704][shared][info]["Migrations: Applying migration","0021_clear_permissions"]
[16512][1575958573704][shared][info]["Migrations: Processing IndexedDB data migration","0021_clear_permissions"]
[16512][1575958573707][shared][info]["Migration~Permissions: Starting migration"]
[16512][1575958573751][shared][info]["Migrations: Saving migration context after completion","0021_clear_permissions",{"0000_initial":"finished","0001_add_archived_resources_table":"finished","0002_add_variable_sessions_table":"finished","0003_add_editor_tables":"finished","0004_migrate_ws_session_data":"finished","0005_cleanup_request_response_and_history_body":"finished","0006_add_dbp_to_request_response_and_history":"finished","0007_add_sync_client_buckets_by_order_id_table":"finished","0008_migrate_to_sync_client_buckets_by_order_id":"finished","0009_remove_sync_client_buckets_table":"finished","0010_add_history_owner":"finished","0011_add_history_response_table":"finished","0012_add_user_data_table":"finished","0013_sanitize_request_response_and_history_methods":"finished","0014_sanitize_response_requestobject_rawmodedata":"finished","0015_add_favorited_collections_table":"finished","0016_add_permission_table":"finished","0017_add_user_preferences_table":"finished","0018_index_header_presets":"finished","0019_migrate_favorite_collections_data":"finished","0020_migrate_sync_client_revision":"finished","0021_clear_permissions":"started"}]
[16512][1575958573752][shared][info]["Migrations: Starting migration","0022_add_workspace_header_presets"]
[16512][1575958573752][shared][info]["Migrations: Flushing pending migrations for","0022_add_workspace_header_presets"]
[16512][1575958573753][shared][info]["Migrations: Updating status in migration context",{"0000_initial":"finished","0001_add_archived_resources_table":"finished","0002_add_variable_sessions_table":"finished","0003_add_editor_tables":"finished","0004_migrate_ws_session_data":"finished","0005_cleanup_request_response_and_history_body":"finished","0006_add_dbp_to_request_response_and_history":"finished","0007_add_sync_client_buckets_by_order_id_table":"finished","0008_migrate_to_sync_client_buckets_by_order_id":"finished","0009_remove_sync_client_buckets_table":"finished","0010_add_history_owner":"finished","0011_add_history_response_table":"finished","0012_add_user_data_table":"finished","0013_sanitize_request_response_and_history_methods":"finished","0014_sanitize_response_requestobject_rawmodedata":"finished","0015_add_favorited_collections_table":"finished","0016_add_permission_table":"finished","0017_add_user_preferences_table":"finished","0018_index_header_presets":"finished","0019_migrate_favorite_collections_data":"finished","0020_migrate_sync_client_revision":"finished","0021_clear_permissions":"finished"}]
[16512][1575958573753][shared][info]["Migrations: Updated status in migration context",{"0000_initial":"finished","0001_add_archived_resources_table":"finished","0002_add_variable_sessions_table":"finished","0003_add_editor_tables":"finished","0004_migrate_ws_session_data":"finished","0005_cleanup_request_response_and_history_body":"finished","0006_add_dbp_to_request_response_and_history":"finished","0007_add_sync_client_buckets_by_order_id_table":"finished","0008_migrate_to_sync_client_buckets_by_order_id":"finished","0009_remove_sync_client_buckets_table":"finished","0010_add_history_owner":"finished","0011_add_history_response_table":"finished","0012_add_user_data_table":"finished","0013_sanitize_request_response_and_history_methods":"finished","0014_sanitize_response_requestobject_rawmodedata":"finished","0015_add_favorited_collections_table":"finished","0016_add_permission_table":"finished","0017_add_user_preferences_table":"finished","0018_index_header_presets":"finished","0019_migrate_favorite_collections_data":"finished","0020_migrate_sync_client_revision":"finished","0021_clear_permissions":"finished"}]
[16512][1575958573753][shared][info]["Migrations: Setting context before starting migration","0022_add_workspace_header_presets",{"0000_initial":"finished","0001_add_archived_resources_table":"finished","0002_add_variable_sessions_table":"finished","0003_add_editor_tables":"finished","0004_migrate_ws_session_data":"finished","0005_cleanup_request_response_and_history_body":"finished","0006_add_dbp_to_request_response_and_history":"finished","0007_add_sync_client_buckets_by_order_id_table":"finished","0008_migrate_to_sync_client_buckets_by_order_id":"finished","0009_remove_sync_client_buckets_table":"finished","0010_add_history_owner":"finished","0011_add_history_response_table":"finished","0012_add_user_data_table":"finished","0013_sanitize_request_response_and_history_methods":"finished","0014_sanitize_response_requestobject_rawmodedata":"finished","0015_add_favorited_collections_table":"finished","0016_add_permission_table":"finished","0017_add_user_preferences_table":"finished","0018_index_header_presets":"finished","0019_migrate_favorite_collections_data":"finished","0020_migrate_sync_client_revision":"finished","0021_clear_permissions":"finished","0022_add_workspace_header_presets":"started"}]
[16512][1575958573753][shared][info]["Migrations: Applying migration","0022_add_workspace_header_presets"]
[16512][1575958573753][shared][info]["Migrations: Processing IndexedDB data migration","0022_add_workspace_header_presets"]
[16512][1575958573756][shared][info]["Migration~HeaderPresets: Add workspace property in header presets"]
[16512][1575958573805][shared][info]["Migrations: Saving migration context after completion","0022_add_workspace_header_presets",{"0000_initial":"finished","0001_add_archived_resources_table":"finished","0002_add_variable_sessions_table":"finished","0003_add_editor_tables":"finished","0004_migrate_ws_session_data":"finished","0005_cleanup_request_response_and_history_body":"finished","0006_add_dbp_to_request_response_and_history":"finished","0007_add_sync_client_buckets_by_order_id_table":"finished","0008_migrate_to_sync_client_buckets_by_order_id":"finished","0009_remove_sync_client_buckets_table":"finished","0010_add_history_owner":"finished","0011_add_history_response_table":"finished","0012_add_user_data_table":"finished","0013_sanitize_request_response_and_history_methods":"finished","0014_sanitize_response_requestobject_rawmodedata":"finished","0015_add_favorited_collections_table":"finished","0016_add_permission_table":"finished","0017_add_user_preferences_table":"finished","0018_index_header_presets":"finished","0019_migrate_favorite_collections_data":"finished","0020_migrate_sync_client_revision":"finished","0021_clear_permissions":"finished","0022_add_workspace_header_presets":"started"}]
[16512][1575958573806][shared][info]["Migrations: Starting migration","0023_remove_collection_permissions_and_shared"]
[16512][1575958573806][shared][info]["Migrations: Flushing pending migrations for","0023_remove_collection_permissions_and_shared"]
[16512][1575958573806][shared][info]["Migrations: Updating status in migration context",{"0000_initial":"finished","0001_add_archived_resources_table":"finished","0002_add_variable_sessions_table":"finished","0003_add_editor_tables":"finished","0004_migrate_ws_session_data":"finished","0005_cleanup_request_response_and_history_body":"finished","0006_add_dbp_to_request_response_and_history":"finished","0007_add_sync_client_buckets_by_order_id_table":"finished","0008_migrate_to_sync_client_buckets_by_order_id":"finished","0009_remove_sync_client_buckets_table":"finished","0010_add_history_owner":"finished","0011_add_history_response_table":"finished","0012_add_user_data_table":"finished","0013_sanitize_request_response_and_history_methods":"finished","0014_sanitize_response_requestobject_rawmodedata":"finished","0015_add_favorited_collections_table":"finished","0016_add_permission_table":"finished","0017_add_user_preferences_table":"finished","0018_index_header_presets":"finished","0019_migrate_favorite_collections_data":"finished","0020_migrate_sync_client_revision":"finished","0021_clear_permissions":"finished","0022_add_workspace_header_presets":"finished"}]
[16512][1575958573808][shared][info]["Migrations: Updated status in migration context",{"0000_initial":"finished","0001_add_archived_resources_table":"finished","0002_add_variable_sessions_table":"finished","0003_add_editor_tables":"finished","0004_migrate_ws_session_data":"finished","0005_cleanup_request_response_and_history_body":"finished","0006_add_dbp_to_request_response_and_history":"finished","0007_add_sync_client_buckets_by_order_id_table":"finished","0008_migrate_to_sync_client_buckets_by_order_id":"finished","0009_remove_sync_client_buckets_table":"finished","0010_add_history_owner":"finished","0011_add_history_response_table":"finished","0012_add_user_data_table":"finished","0013_sanitize_request_response_and_history_methods":"finished","0014_sanitize_response_requestobject_rawmodedata":"finished","0015_add_favorited_collections_table":"finished","0016_add_permission_table":"finished","0017_add_user_preferences_table":"finished","0018_index_header_presets":"finished","0019_migrate_favorite_collections_data":"finished","0020_migrate_sync_client_revision":"finished","0021_clear_permissions":"finished","0022_add_workspace_header_presets":"finished"}]
[16512][1575958573808][shared][info]["Migrations: Setting context before starting migration","0023_remove_collection_permissions_and_shared",{"0000_initial":"finished","0001_add_archived_resources_table":"finished","0002_add_variable_sessions_table":"finished","0003_add_editor_tables":"finished","0004_migrate_ws_session_data":"finished","0005_cleanup_request_response_and_history_body":"finished","0006_add_dbp_to_request_response_and_history":"finished","0007_add_sync_client_buckets_by_order_id_table":"finished","0008_migrate_to_sync_client_buckets_by_order_id":"finished","0009_remove_sync_client_buckets_table":"finished","0010_add_history_owner":"finished","0011_add_history_response_table":"finished","0012_add_user_data_table":"finished","0013_sanitize_request_response_and_history_methods":"finished","0014_sanitize_response_requestobject_rawmodedata":"finished","0015_add_favorited_collections_table":"finished","0016_add_permission_table":"finished","0017_add_user_preferences_table":"finished","0018_index_header_presets":"finished","0019_migrate_favorite_collections_data":"finished","0020_migrate_sync_client_revision":"finished","0021_clear_permissions":"finished","0022_add_workspace_header_presets":"finished","0023_remove_collection_permissions_and_shared":"started"}]
[16512][1575958573811][shared][info]["Migrations: Applying migration","0023_remove_collection_permissions_and_shared"]
[16512][1575958573812][shared][info]["Migrations: Processing IndexedDB data migration","0023_remove_collection_permissions_and_shared"]
[16512][1575958573859][shared][info]["Migrations: Saving migration context after completion","0023_remove_collection_permissions_and_shared",{"0000_initial":"finished","0001_add_archived_resources_table":"finished","0002_add_variable_sessions_table":"finished","0003_add_editor_tables":"finished","0004_migrate_ws_session_data":"finished","0005_cleanup_request_response_and_history_body":"finished","0006_add_dbp_to_request_response_and_history":"finished","0007_add_sync_client_buckets_by_order_id_table":"finished","0008_migrate_to_sync_client_buckets_by_order_id":"finished","0009_remove_sync_client_buckets_table":"finished","0010_add_history_owner":"finished","0011_add_history_response_table":"finished","0012_add_user_data_table":"finished","0013_sanitize_request_response_and_history_methods":"finished","0014_sanitize_response_requestobject_rawmodedata":"finished","0015_add_favorited_collections_table":"finished","0016_add_permission_table":"finished","0017_add_user_preferences_table":"finished","0018_index_header_presets":"finished","0019_migrate_favorite_collections_data":"finished","0020_migrate_sync_client_revision":"finished","0021_clear_permissions":"finished","0022_add_workspace_header_presets":"finished","0023_remove_collection_permissions_and_shared":"started"}]
[16512][1575958573861][shared][info]["Migrations: Flushing pending commit steps"]
[16512][1575958573861][shared][info]["Migrations: Updating status in migration context",{"0000_initial":"finished","0001_add_archived_resources_table":"finished","0002_add_variable_sessions_table":"finished","0003_add_editor_tables":"finished","0004_migrate_ws_session_data":"finished","0005_cleanup_request_response_and_history_body":"finished","0006_add_dbp_to_request_response_and_history":"finished","0007_add_sync_client_buckets_by_order_id_table":"finished","0008_migrate_to_sync_client_buckets_by_order_id":"finished","0009_remove_sync_client_buckets_table":"finished","0010_add_history_owner":"finished","0011_add_history_response_table":"finished","0012_add_user_data_table":"finished","0013_sanitize_request_response_and_history_methods":"finished","0014_sanitize_response_requestobject_rawmodedata":"finished","0015_add_favorited_collections_table":"finished","0016_add_permission_table":"finished","0017_add_user_preferences_table":"finished","0018_index_header_presets":"finished","0019_migrate_favorite_collections_data":"finished","0020_migrate_sync_client_revision":"finished","0021_clear_permissions":"finished","0022_add_workspace_header_presets":"finished","0023_remove_collection_permissions_and_shared":"finished"}]
[16512][1575958573863][shared][info]["Migrations: Updated status in migration context",{"0000_initial":"finished","0001_add_archived_resources_table":"finished","0002_add_variable_sessions_table":"finished","0003_add_editor_tables":"finished","0004_migrate_ws_session_data":"finished","0005_cleanup_request_response_and_history_body":"finished","0006_add_dbp_to_request_response_and_history":"finished","0007_add_sync_client_buckets_by_order_id_table":"finished","0008_migrate_to_sync_client_buckets_by_order_id":"finished","0009_remove_sync_client_buckets_table":"finished","0010_add_history_owner":"finished","0011_add_history_response_table":"finished","0012_add_user_data_table":"finished","0013_sanitize_request_response_and_history_methods":"finished","0014_sanitize_response_requestobject_rawmodedata":"finished","0015_add_favorited_collections_table":"finished","0016_add_permission_table":"finished","0017_add_user_preferences_table":"finished","0018_index_header_presets":"finished","0019_migrate_favorite_collections_data":"finished","0020_migrate_sync_client_revision":"finished","0021_clear_permissions":"finished","0022_add_workspace_header_presets":"finished","0023_remove_collection_permissions_and_shared":"finished"}]
[16512][1575958573864][shared][info]["Migration: Finished all migrations"]
[16512][1575958574170][shared][info]["bootstrapModels - Success"]
[16512][1575958574171][shared][info]["WLModels~boot - Success"]
[16512][1575958574202][shared][info]["initializeConfigurationsValues - Success"]
[16512][1575958574296][shared][info]["Migrate - Bailed out due to:","FRESH_INSTALL"]
[16512][1575958574324][shared][info]["AppModels~boot - Success"]
[16512][1575958574331][shared][info]["SharedRuntimeListeners~boot - Success"]
[16512][1575958574345][shared][info]["Sync~boot - Success"]
[16512][1575958574350][shared][info]["Shared~boot - Success"]
[16512][1575958574352][shared][info]["booted - shared"]
[5261][1576132663035][shared][info]["EventBus~initialize - Success"]
[5261][1576132663038][shared][info]["Messaging~boot - Success"]
[5261][1576132663050][shared][info]["bootCrashReporter~ Success"]
[5261][1576132663052][shared][info]["Telemetry~boot - Success"]
[5261][1576132663053][shared][info]["bootConfigurations~initialize - Success"]
[5261][1576132663055][shared][info]["Settings~boot - Success"]
[5261][1576132663065][shared][info]["Migrations: Starting migrations"]
[5261][1576132663065][shared][info]["Migrations: Walking migration","0000_initial"]
[5261][1576132663065][shared][info]["Migrations: Walking migration","0001_add_archived_resources_table"]
[5261][1576132663065][shared][info]["Migrations: Walking migration","0002_add_variable_sessions_table"]
[5261][1576132663066][shared][info]["Migrations: Walking migration","0003_add_editor_tables"]
[5261][1576132663066][shared][info]["Migrations: Walking migration","0004_migrate_ws_session_data"]
[5261][1576132663066][shared][info]["Migrations: Walking migration","0005_cleanup_request_response_and_history_body"]
[5261][1576132663066][shared][info]["Migrations: Walking migration","0006_add_dbp_to_request_response_and_history"]
[5261][1576132663066][shared][info]["Migrations: Walking migration","0007_add_sync_client_buckets_by_order_id_table"]
[5261][1576132663067][shared][info]["Migrations: Walking migration","0008_migrate_to_sync_client_buckets_by_order_id"]
[5261][1576132663067][shared][info]["Migrations: Walking migration","0009_remove_sync_client_buckets_table"]
[5261][1576132663068][shared][info]["Migrations: Walking migration","0010_add_history_owner"]
[5261][1576132663068][shared][info]["Migrations: Walking migration","0011_add_history_response_table"]
[5261][1576132663068][shared][info]["Migrations: Walking migration","0012_add_user_data_table"]
[5261][1576132663074][shared][info]["Migrations: Walking migration","0013_sanitize_request_response_and_history_methods"]
[5261][1576132663074][shared][info]["Migrations: Walking migration","0014_sanitize_response_requestobject_rawmodedata"]
[5261][1576132663074][shared][info]["Migrations: Walking migration","0015_add_favorited_collections_table"]
[5261][1576132663074][shared][info]["Migrations: Walking migration","0016_add_permission_table"]
[5261][1576132663076][shared][info]["Migrations: Walking migration","0017_add_user_preferences_table"]
[5261][1576132663076][shared][info]["Migrations: Walking migration","0018_index_header_presets"]
[5261][1576132663076][shared][info]["Migrations: Walking migration","0019_migrate_favorite_collections_data"]
[5261][1576132663076][shared][info]["Migrations: Walking migration","0020_migrate_sync_client_revision"]
[5261][1576132663076][shared][info]["Migrations: Walking migration","0021_clear_permissions"]
[5261][1576132663076][shared][info]["Migrations: Walking migration","0022_add_workspace_header_presets"]
[5261][1576132663076][shared][info]["Migrations: Walking migration","0023_remove_collection_permissions_and_shared"]
[5261][1576132663076][shared][info]["Migrations: Walking migration","0024_add_console_timelines_table"]
[5261][1576132663077][shared][info]["Migrations: Walking migration","0025_add_console_events_table"]
[5261][1576132663077][shared][info]["Migrations: Walking migration","0026_index_console_events"]
[5261][1576132663077][shared][info]["Migrations: Walking migration","0027_add_console_blob_table"]
[5261][1576132663078][shared][info]["Migrations: Starting migration","0000_initial"]
[5261][1576132663078][shared][info]["Migrations: Bailing out migration, because it is finished","0000_initial"]
[5261][1576132663079][shared][info]["Migrations: Starting migration","0001_add_archived_resources_table"]
[5261][1576132663079][shared][info]["Migrations: Bailing out migration, because it is finished","0001_add_archived_resources_table"]
[5261][1576132663079][shared][info]["Migrations: Starting migration","0002_add_variable_sessions_table"]
[5261][1576132663079][shared][info]["Migrations: Bailing out migration, because it is finished","0002_add_variable_sessions_table"]
[5261][1576132663080][shared][info]["Migrations: Starting migration","0003_add_editor_tables"]
[5261][1576132663080][shared][info]["Migrations: Bailing out migration, because it is finished","0003_add_editor_tables"]
[5261][1576132663080][shared][info]["Migrations: Starting migration","0004_migrate_ws_session_data"]
[5261][1576132663080][shared][info]["Migrations: Bailing out migration, because it is finished","0004_migrate_ws_session_data"]
[5261][1576132663080][shared][info]["Migrations: Starting migration","0005_cleanup_request_response_and_history_body"]
[5261][1576132663081][shared][info]["Migrations: Bailing out migration, because it is finished","0005_cleanup_request_response_and_history_body"]
[5261][1576132663081][shared][info]["Migrations: Starting migration","0006_add_dbp_to_request_response_and_history"]
[5261][1576132663081][shared][info]["Migrations: Bailing out migration, because it is finished","0006_add_dbp_to_request_response_and_history"]
[5261][1576132663081][shared][info]["Migrations: Starting migration","0007_add_sync_client_buckets_by_order_id_table"]
[5261][1576132663081][shared][info]["Migrations: Bailing out migration, because it is finished","0007_add_sync_client_buckets_by_order_id_table"]
[5261][1576132663081][shared][info]["Migrations: Starting migration","0008_migrate_to_sync_client_buckets_by_order_id"]
[5261][1576132663081][shared][info]["Migrations: Bailing out migration, because it is finished","0008_migrate_to_sync_client_buckets_by_order_id"]
[5261][1576132663082][shared][info]["Migrations: Starting migration","0009_remove_sync_client_buckets_table"]
[5261][1576132663082][shared][info]["Migrations: Bailing out migration, because it is finished","0009_remove_sync_client_buckets_table"]
[5261][1576132663082][shared][info]["Migrations: Starting migration","0010_add_history_owner"]
[5261][1576132663082][shared][info]["Migrations: Bailing out migration, because it is finished","0010_add_history_owner"]
[5261][1576132663083][shared][info]["Migrations: Starting migration","0011_add_history_response_table"]
[5261][1576132663083][shared][info]["Migrations: Bailing out migration, because it is finished","0011_add_history_response_table"]
[5261][1576132663083][shared][info]["Migrations: Starting migration","0012_add_user_data_table"]
[5261][1576132663083][shared][info]["Migrations: Bailing out migration, because it is finished","0012_add_user_data_table"]
[5261][1576132663083][shared][info]["Migrations: Starting migration","0013_sanitize_request_response_and_history_methods"]
[5261][1576132663083][shared][info]["Migrations: Bailing out migration, because it is finished","0013_sanitize_request_response_and_history_methods"]
[5261][1576132663083][shared][info]["Migrations: Starting migration","0014_sanitize_response_requestobject_rawmodedata"]
[5261][1576132663083][shared][info]["Migrations: Bailing out migration, because it is finished","0014_sanitize_response_requestobject_rawmodedata"]
[5261][1576132663084][shared][info]["Migrations: Starting migration","0015_add_favorited_collections_table"]
[5261][1576132663084][shared][info]["Migrations: Bailing out migration, because it is finished","0015_add_favorited_collections_table"]
[5261][1576132663084][shared][info]["Migrations: Starting migration","0016_add_permission_table"]
[5261][1576132663084][shared][info]["Migrations: Bailing out migration, because it is finished","0016_add_permission_table"]
[5261][1576132663085][shared][info]["Migrations: Starting migration","0017_add_user_preferences_table"]
[5261][1576132663085][shared][info]["Migrations: Bailing out migration, because it is finished","0017_add_user_preferences_table"]
[5261][1576132663085][shared][info]["Migrations: Starting migration","0018_index_header_presets"]
[5261][1576132663085][shared][info]["Migrations: Bailing out migration, because it is finished","0018_index_header_presets"]
[5261][1576132663086][shared][info]["Migrations: Starting migration","0019_migrate_favorite_collections_data"]
[5261][1576132663086][shared][info]["Migrations: Bailing out migration, because it is finished","0019_migrate_favorite_collections_data"]
[5261][1576132663086][shared][info]["Migrations: Starting migration","0020_migrate_sync_client_revision"]
[5261][1576132663086][shared][info]["Migrations: Bailing out migration, because it is finished","0020_migrate_sync_client_revision"]
[5261][1576132663086][shared][info]["Migrations: Starting migration","0021_clear_permissions"]
[5261][1576132663087][shared][info]["Migrations: Bailing out migration, because it is finished","0021_clear_permissions"]
[5261][1576132663087][shared][info]["Migrations: Starting migration","0022_add_workspace_header_presets"]
[5261][1576132663087][shared][info]["Migrations: Bailing out migration, because it is finished","0022_add_workspace_header_presets"]
[5261][1576132663087][shared][info]["Migrations: Starting migration","0023_remove_collection_permissions_and_shared"]
[5261][1576132663087][shared][info]["Migrations: Bailing out migration, because it is finished","0023_remove_collection_permissions_and_shared"]
[5261][1576132663087][shared][info]["Migrations: Starting migration","0024_add_console_timelines_table"]
[5261][1576132663088][shared][info]["Migrations: Setting context before starting migration","0024_add_console_timelines_table",{"0000_initial":"finished","0001_add_archived_resources_table":"finished","0002_add_variable_sessions_table":"finished","0003_add_editor_tables":"finished","0004_migrate_ws_session_data":"finished","0005_cleanup_request_response_and_history_body":"finished","0006_add_dbp_to_request_response_and_history":"finished","0007_add_sync_client_buckets_by_order_id_table":"finished","0008_migrate_to_sync_client_buckets_by_order_id":"finished","0009_remove_sync_client_buckets_table":"finished","0010_add_history_owner":"finished","0011_add_history_response_table":"finished","0012_add_user_data_table":"finished","0013_sanitize_request_response_and_history_methods":"finished","0014_sanitize_response_requestobject_rawmodedata":"finished","0015_add_favorited_collections_table":"finished","0016_add_permission_table":"finished","0017_add_user_preferences_table":"finished","0018_index_header_presets":"finished","0019_migrate_favorite_collections_data":"finished","0020_migrate_sync_client_revision":"finished","0021_clear_permissions":"finished","0022_add_workspace_header_presets":"finished","0023_remove_collection_permissions_and_shared":"finished","0024_add_console_timelines_table":"started"}]
[5261][1576132663088][shared][info]["Migrations: Applying migration","0024_add_console_timelines_table"]
[5261][1576132663088][shared][info]["Migrations: Upgrading IndexedDB to version","0024_add_console_timelines_table",13]
[5261][1576132663091][shared][info]["Migrations: Adding pending commit to queue","0024_add_console_timelines_table"]
[5261][1576132663092][shared][info]["Migrations: Starting migration","0025_add_console_events_table"]
[5261][1576132663092][shared][info]["Migrations: Setting context before starting migration","0025_add_console_events_table",{"0000_initial":"finished","0001_add_archived_resources_table":"finished","0002_add_variable_sessions_table":"finished","0003_add_editor_tables":"finished","0004_migrate_ws_session_data":"finished","0005_cleanup_request_response_and_history_body":"finished","0006_add_dbp_to_request_response_and_history":"finished","0007_add_sync_client_buckets_by_order_id_table":"finished","0008_migrate_to_sync_client_buckets_by_order_id":"finished","0009_remove_sync_client_buckets_table":"finished","0010_add_history_owner":"finished","0011_add_history_response_table":"finished","0012_add_user_data_table":"finished","0013_sanitize_request_response_and_history_methods":"finished","0014_sanitize_response_requestobject_rawmodedata":"finished","0015_add_favorited_collections_table":"finished","0016_add_permission_table":"finished","0017_add_user_preferences_table":"finished","0018_index_header_presets":"finished","0019_migrate_favorite_collections_data":"finished","0020_migrate_sync_client_revision":"finished","0021_clear_permissions":"finished","0022_add_workspace_header_presets":"finished","0023_remove_collection_permissions_and_shared":"finished","0024_add_console_timelines_table":"started","0025_add_console_events_table":"started"}]
[5261][1576132663092][shared][info]["Migrations: Applying migration","0025_add_console_events_table"]
[5261][1576132663092][shared][info]["Migrations: Upgrading IndexedDB to version","0025_add_console_events_table",14]
[5261][1576132663095][shared][info]["Migrations: Adding pending commit to queue","0025_add_console_events_table"]
[5261][1576132663095][shared][info]["Migrations: Starting migration","0026_index_console_events"]
[5261][1576132663095][shared][info]["Migrations: Setting context before starting migration","0026_index_console_events",{"0000_initial":"finished","0001_add_archived_resources_table":"finished","0002_add_variable_sessions_table":"finished","0003_add_editor_tables":"finished","0004_migrate_ws_session_data":"finished","0005_cleanup_request_response_and_history_body":"finished","0006_add_dbp_to_request_response_and_history":"finished","0007_add_sync_client_buckets_by_order_id_table":"finished","0008_migrate_to_sync_client_buckets_by_order_id":"finished","0009_remove_sync_client_buckets_table":"finished","0010_add_history_owner":"finished","0011_add_history_response_table":"finished","0012_add_user_data_table":"finished","0013_sanitize_request_response_and_history_methods":"finished","0014_sanitize_response_requestobject_rawmodedata":"finished","0015_add_favorited_collections_table":"finished","0016_add_permission_table":"finished","0017_add_user_preferences_table":"finished","0018_index_header_presets":"finished","0019_migrate_favorite_collections_data":"finished","0020_migrate_sync_client_revision":"finished","0021_clear_permissions":"finished","0022_add_workspace_header_presets":"finished","0023_remove_collection_permissions_and_shared":"finished","0024_add_console_timelines_table":"started","0025_add_console_events_table":"started","0026_index_console_events":"started"}]
[5261][1576132663096][shared][info]["Migrations: Applying migration","0026_index_console_events"]
[5261][1576132663097][shared][info]["Migrations: Upgrading IndexedDB to version","0026_index_console_events",15]
[5261][1576132663099][shared][info]["Migrations: Adding pending commit to queue","0026_index_console_events"]
[5261][1576132663099][shared][info]["Migrations: Starting migration","0027_add_console_blob_table"]
[5261][1576132663100][shared][info]["Migrations: Setting context before starting migration","0027_add_console_blob_table",{"0000_initial":"finished","0001_add_archived_resources_table":"finished","0002_add_variable_sessions_table":"finished","0003_add_editor_tables":"finished","0004_migrate_ws_session_data":"finished","0005_cleanup_request_response_and_history_body":"finished","0006_add_dbp_to_request_response_and_history":"finished","0007_add_sync_client_buckets_by_order_id_table":"finished","0008_migrate_to_sync_client_buckets_by_order_id":"finished","0009_remove_sync_client_buckets_table":"finished","0010_add_history_owner":"finished","0011_add_history_response_table":"finished","0012_add_user_data_table":"finished","0013_sanitize_request_response_and_history_methods":"finished","0014_sanitize_response_requestobject_rawmodedata":"finished","0015_add_favorited_collections_table":"finished","0016_add_permission_table":"finished","0017_add_user_preferences_table":"finished","0018_index_header_presets":"finished","0019_migrate_favorite_collections_data":"finished","0020_migrate_sync_client_revision":"finished","0021_clear_permissions":"finished","0022_add_workspace_header_presets":"finished","0023_remove_collection_permissions_and_shared":"finished","0024_add_console_timelines_table":"started","0025_add_console_events_table":"started","0026_index_console_events":"started","0027_add_console_blob_table":"started"}]
[5261][1576132663101][shared][info]["Migrations: Applying migration","0027_add_console_blob_table"]
[5261][1576132663101][shared][info]["Migrations: Upgrading IndexedDB to version","0027_add_console_blob_table",16]
[5261][1576132663103][shared][info]["Migrations: Adding pending commit to queue","0027_add_console_blob_table"]
[5261][1576132663104][shared][info]["Migrations: Flushing pending commit steps"]
[5261][1576132663105][shared][info]["Migrations: Flushing pending commit for type","IndexeddbSchemaMigration"]
[5261][1576132663105][shared][info]["Migrations: Committing IndexedDB upgrade"]
[5261][1576132663301][shared][info]["Migrations: Updating status in migration context",{"0000_initial":"finished","0001_add_archived_resources_table":"finished","0002_add_variable_sessions_table":"finished","0003_add_editor_tables":"finished","0004_migrate_ws_session_data":"finished","0005_cleanup_request_response_and_history_body":"finished","0006_add_dbp_to_request_response_and_history":"finished","0007_add_sync_client_buckets_by_order_id_table":"finished","0008_migrate_to_sync_client_buckets_by_order_id":"finished","0009_remove_sync_client_buckets_table":"finished","0010_add_history_owner":"finished","0011_add_history_response_table":"finished","0012_add_user_data_table":"finished","0013_sanitize_request_response_and_history_methods":"finished","0014_sanitize_response_requestobject_rawmodedata":"finished","0015_add_favorited_collections_table":"finished","0016_add_permission_table":"finished","0017_add_user_preferences_table":"finished","0018_index_header_presets":"finished","0019_migrate_favorite_collections_data":"finished","0020_migrate_sync_client_revision":"finished","0021_clear_permissions":"finished","0022_add_workspace_header_presets":"finished","0023_remove_collection_permissions_and_shared":"finished","0024_add_console_timelines_table":"started","0025_add_console_events_table":"started","0026_index_console_events":"started","0027_add_console_blob_table":"started"}]
[5261][1576132663303][shared][info]["Migrations: Updated status in migration context",{"0000_initial":"finished","0001_add_archived_resources_table":"finished","0002_add_variable_sessions_table":"finished","0003_add_editor_tables":"finished","0004_migrate_ws_session_data":"finished","0005_cleanup_request_response_and_history_body":"finished","0006_add_dbp_to_request_response_and_history":"finished","0007_add_sync_client_buckets_by_order_id_table":"finished","0008_migrate_to_sync_client_buckets_by_order_id":"finished","0009_remove_sync_client_buckets_table":"finished","0010_add_history_owner":"finished","0011_add_history_response_table":"finished","0012_add_user_data_table":"finished","0013_sanitize_request_response_and_history_methods":"finished","0014_sanitize_response_requestobject_rawmodedata":"finished","0015_add_favorited_collections_table":"finished","0016_add_permission_table":"finished","0017_add_user_preferences_table":"finished","0018_index_header_presets":"finished","0019_migrate_favorite_collections_data":"finished","0020_migrate_sync_client_revision":"finished","0021_clear_permissions":"finished","0022_add_workspace_header_presets":"finished","0023_remove_collection_permissions_and_shared":"finished","0024_add_console_timelines_table":"finished","0025_add_console_events_table":"finished","0026_index_console_events":"finished","0027_add_console_blob_table":"finished"}]
[5261][1576132663303][shared][info]["Migration: Finished all migrations"]
[5261][1576132663465][shared][info]["bootstrapModels - Success"]
[5261][1576132663467][shared][info]["WLModels~boot - Success"]
[5261][1576132663511][shared][info]["initializeConfigurationsValues - Success"]
[5261][1576132663642][shared][info]["Migrate - Bailed out due to:","FRESH_INSTALL"]
[5261][1576132663665][shared][info]["AppModels~boot - Success"]
[5261][1576132663670][shared][info]["SharedRuntimeListeners~boot - Success"]
[5261][1576132663687][shared][info]["Sync~boot - Success"]
[5261][1576132663689][shared][info]["Shared~boot - Success"]
[5261][1576132663690][shared][info]["booted - shared"]
[5261][1576132665844][shared][info]["AppUpdateHandler: Finished backing up user data"]
[5261][1576132667973][shared][info]["UI pulled the session locked information on init"]
[5261][1576148357907][shared][info]["SyncManagerNew~createSocket - Bailed out as websocket disabled"]
[5261][1576149886814][shared][info]["SyncManagerNew~createSocket - Bailed out as websocket disabled"]
[17499][1576481578193][shared][info]["EventBus~initialize - Success"]
[17499][1576481578197][shared][info]["Messaging~boot - Success"]
[17499][1576481578210][shared][info]["bootCrashReporter~ Success"]
[17499][1576481578212][shared][info]["Telemetry~boot - Success"]
[17499][1576481578225][shared][info]["bootConfigurations~initialize - Success"]
[17499][1576481578232][shared][info]["Settings~boot - Success"]
[17499][1576481578233][shared][info]["Migrations: Skipping migrations. No migrations to apply."]
[17499][1576481578465][shared][info]["bootstrapModels - Success"]
[17499][1576481578468][shared][info]["WLModels~boot - Success"]
[17499][1576481578517][shared][info]["initializeConfigurationsValues - Success"]
[17499][1576481578660][shared][info]["Migrate - Bailed out due to:","FRESH_INSTALL"]
[17499][1576481578679][shared][info]["AppModels~boot - Success"]
[17499][1576481578685][shared][info]["SharedRuntimeListeners~boot - Success"]
[17499][1576481583178][shared][info]["Sync~boot - Success"]
[17499][1576481583179][shared][info]["Shared~boot - Success"]
[17499][1576481583180][shared][info]["booted - shared"]
[17499][1576481587636][shared][info]["UI pulled the session locked information on init"]
[17499][1576491393141][shared][info]["SyncManagerNew~createSocket - Bailed out as websocket disabled"]
