[16512][1575958576647][requester][info]["EventBus~initialize - Success"]
[16512][1575958576651][requester][info]["Messaging~boot - Success"]
[16512][1575958576690][requester][info]["bootCrashReporter~ Success"]
[16512][1575958576692][requester][info]["Telemetry~boot - Success"]
[16512][1575958576693][requester][info]["bootConfigurations~initialize - Success"]
[16512][1575958576695][requester][info]["Settings~boot - Success"]
[16512][1575958576801][requester][info]["bootstrapModels - Success"]
[16512][1575958576802][requester][info]["WLModels~boot - Success"]
[16512][1575958576938][requester][info]["Session~boot - Success"]
[16512][1575958576943][requester][info]["IndependentServices~boot - Success"]
[16512][1575958576963][requester][info]["AppModels~boot - Success"]
[16512][1575958576964][requester][info]["RuntimeListeners~boot- Success"]
[16512][1575958576964][requester][info]["DBWatcher~boot - Success"]
[16512][1575958576967][requester][info]["ThemeManager~boot - Success"]
[16512][1575958576968][requester][info]["InAppMessaging~boot - Success"]
[16512][1575958576969][requester][info]["Store~boot - Success"]
[16512][1575958576970][requester][info]["Shortcuts~boot - Success"]
[16512][1575958576970][requester][info]["SyncProxy~boot - Success"]
[16512][1575958576979][requester][info]["Requester~boot - Success"]
[16512][1575958576979][requester][info]["booted - requester"]
[5261][1576132665484][requester][info]["EventBus~initialize - Success"]
[5261][1576132665488][requester][info]["Messaging~boot - Success"]
[5261][1576132665515][requester][info]["bootCrashReporter~ Success"]
[5261][1576132665516][requester][info]["Telemetry~boot - Success"]
[5261][1576132665518][requester][info]["bootConfigurations~initialize - Success"]
[5261][1576132665519][requester][info]["Settings~boot - Success"]
[5261][1576132665578][requester][info]["bootstrapModels - Success"]
[5261][1576132665579][requester][info]["WLModels~boot - Success"]
[5261][1576132665680][requester][info]["Session~boot - Success"]
[5261][1576132665684][requester][info]["IndependentServices~boot - Success"]
[5261][1576132665703][requester][info]["AppModels~boot - Success"]
[5261][1576132665703][requester][info]["RuntimeListeners~boot- Success"]
[5261][1576132665704][requester][info]["DBWatcher~boot - Success"]
[5261][1576132665706][requester][info]["ThemeManager~boot - Success"]
[5261][1576132665706][requester][info]["Store~boot - Success"]
[5261][1576132665707][requester][info]["Shortcuts~boot - Success"]
[5261][1576132665708][requester][info]["SyncProxy~boot - Success"]
[5261][1576132665799][requester][info]["NewConsole~boot - Success"]
[5261][1576132665812][requester][info]["Requester~boot - Success"]
[5261][1576132665813][requester][info]["booted - requester"]
[17499][1576481585178][requester][info]["EventBus~initialize - Success"]
[17499][1576481585181][requester][info]["Messaging~boot - Success"]
[17499][1576481585205][requester][info]["bootCrashReporter~ Success"]
[17499][1576481585207][requester][info]["Telemetry~boot - Success"]
[17499][1576481585208][requester][info]["bootConfigurations~initialize - Success"]
[17499][1576481585210][requester][info]["Settings~boot - Success"]
[17499][1576481585269][requester][info]["bootstrapModels - Success"]
[17499][1576481585270][requester][info]["WLModels~boot - Success"]
[17499][1576481585346][requester][info]["Session~boot - Success"]
[17499][1576481585351][requester][info]["IndependentServices~boot - Success"]
[17499][1576481585367][requester][info]["AppModels~boot - Success"]
[17499][1576481585368][requester][info]["RuntimeListeners~boot- Success"]
[17499][1576481585368][requester][info]["DBWatcher~boot - Success"]
[17499][1576481585370][requester][info]["ThemeManager~boot - Success"]
[17499][1576481585371][requester][info]["Store~boot - Success"]
[17499][1576481585373][requester][info]["Shortcuts~boot - Success"]
[17499][1576481585374][requester][info]["SyncProxy~boot - Success"]
[17499][1576481585438][requester][info]["NewConsole~boot - Success"]
[17499][1576481585449][requester][info]["Requester~boot - Success"]
[17499][1576481585449][requester][info]["booted - requester"]
